<?xml version="1.0" encoding="UTF-8"?>
<robot generator="Robot 7.3.2 (Python 3.13.3 on win32)" generated="2025-11-14T21:43:20.288622" rpa="false" schemaversion="5">
<suite id="s1" name="Tests" source="C:\Users\bjorn\webcounter\src\tests">
<suite id="s1-s1" name="Increment" source="C:\Users\bjorn\webcounter\src\tests\increment.robot">
<kw name="Open And Configure Browser" owner="resource" type="SETUP">
<kw name="Set Selenium Speed" owner="SeleniumLibrary">
<arg>${DELAY}</arg>
<doc>Sets the delay that is waited after each Selenium command.</doc>
<status status="PASS" start="2025-11-14T21:43:23.429584" elapsed="0.000231"/>
</kw>
<kw name="Open Browser" owner="SeleniumLibrary">
<msg time="2025-11-14T21:43:23.430097" level="INFO">Opening browser 'chrome' to base url 'None'.</msg>
<arg>browser=${BROWSER}</arg>
<doc>Opens a new browser instance to the optional ``url``.</doc>
<status status="PASS" start="2025-11-14T21:43:23.429933" elapsed="3.391395"/>
</kw>
<status status="PASS" start="2025-11-14T21:43:23.428315" elapsed="3.393130"/>
</kw>
<test id="s1-s1-t1" name="At start the counter is zero" line="7">
<kw name="Go To" owner="SeleniumLibrary">
<msg time="2025-11-14T21:43:26.822133" level="INFO">Opening url 'http://localhost:5001'</msg>
<arg>${HOME_URL}</arg>
<doc>Navigates the current browser window to the provided ``url``.</doc>
<status status="PASS" start="2025-11-14T21:43:26.822005" elapsed="0.827234"/>
</kw>
<kw name="Title Should Be" owner="SeleniumLibrary">
<msg time="2025-11-14T21:43:28.157065" level="INFO">Page title is 'Laskuri'.</msg>
<arg>Laskuri</arg>
<doc>Verifies that the current page title equals ``title``.</doc>
<status status="PASS" start="2025-11-14T21:43:27.650025" elapsed="0.507244"/>
</kw>
<kw name="Page Should Contain" owner="SeleniumLibrary">
<msg time="2025-11-14T21:43:29.176384" level="INFO">Current page contains text 'nappia painettu 0 kertaa'.</msg>
<arg>nappia painettu 0 kertaa</arg>
<doc>Verifies that current page contains ``text``.</doc>
<status status="PASS" start="2025-11-14T21:43:28.158537" elapsed="1.017975"/>
</kw>
<status status="PASS" start="2025-11-14T21:43:26.821526" elapsed="2.355495"/>
</test>
<test id="s1-s1-t2" name="When button pressed twice the counter is two" line="12">
<kw name="Go To" owner="SeleniumLibrary">
<msg time="2025-11-14T21:43:29.178106" level="INFO">Opening url 'http://localhost:5001'</msg>
<arg>${HOME_URL}</arg>
<doc>Navigates the current browser window to the provided ``url``.</doc>
<status status="PASS" start="2025-11-14T21:43:29.177972" elapsed="0.515378"/>
</kw>
<kw name="Click Button" owner="SeleniumLibrary">
<msg time="2025-11-14T21:43:29.694988" level="INFO">Clicking button 'Paina'.</msg>
<arg>Paina</arg>
<doc>Clicks the button identified by ``locator``.</doc>
<status status="PASS" start="2025-11-14T21:43:29.694527" elapsed="2.462813"/>
</kw>
<kw name="Click Button" owner="SeleniumLibrary">
<msg time="2025-11-14T21:43:32.159507" level="INFO">Clicking button 'Paina'.</msg>
<arg>Paina</arg>
<doc>Clicks the button identified by ``locator``.</doc>
<status status="PASS" start="2025-11-14T21:43:32.159327" elapsed="2.271475"/>
</kw>
<kw name="Page Should Contain" owner="SeleniumLibrary">
<msg time="2025-11-14T21:43:37.218658" level="INFO" html="true">&lt;/td&gt;&lt;/tr&gt;&lt;tr&gt;&lt;td colspan="3"&gt;&lt;a href="selenium-screenshot-1.png"&gt;&lt;img src="selenium-screenshot-1.png" width="800px"&gt;&lt;/a&gt;</msg>
<msg time="2025-11-14T21:43:37.218823" level="FAIL">Page should have contained text 'nappia painettu 2 kertaa' but did not.</msg>
<arg>nappia painettu 2 kertaa</arg>
<doc>Verifies that current page contains ``text``.</doc>
<status status="FAIL" start="2025-11-14T21:43:34.431449" elapsed="2.789022">Page should have contained text 'nappia painettu 2 kertaa' but did not.</status>
</kw>
<status status="FAIL" start="2025-11-14T21:43:29.177628" elapsed="8.046573">Page should have contained text 'nappia painettu 2 kertaa' but did not.</status>
</test>
<kw name="Close Browser" owner="SeleniumLibrary" type="TEARDOWN">
<doc>Closes the current browser.</doc>
<status status="PASS" start="2025-11-14T21:43:37.225489" elapsed="3.774445"/>
</kw>
<status status="FAIL" start="2025-11-14T21:43:20.454639" elapsed="20.545434"/>
</suite>
<status status="FAIL" start="2025-11-14T21:43:20.289639" elapsed="20.711988"/>
</suite>
<statistics>
<total>
<stat pass="1" fail="1" skip="0">All Tests</stat>
</total>
<tag>
</tag>
<suite>
<stat name="Tests" id="s1" pass="1" fail="1" skip="0">Tests</stat>
<stat name="Increment" id="s1-s1" pass="1" fail="1" skip="0">Tests.Increment</stat>
</suite>
</statistics>
<errors>
</errors>
</robot>
