<?xml version="1.0" encoding="UTF-8"?>
<robot generator="Robot 7.3.2 (Python 3.13.3 on win32)" generated="2025-11-17T21:35:25.319390" rpa="false" schemaversion="5">
<suite id="s1" name="Tests" source="C:\Users\bjorn\webcounter\src\tests">
<suite id="s1-s1" name="Increment" source="C:\Users\bjorn\webcounter\src\tests\increment.robot">
<kw name="Open Browser To App" type="SETUP">
<kw name="Open Browser" owner="SeleniumLibrary">
<msg time="2025-11-17T21:35:25.669197" level="INFO">Opening browser 'Chrome' to base url 'http://localhost:5001'.</msg>
<arg>http://localhost:5001</arg>
<arg>Chrome</arg>
<doc>Opens a new browser instance to the optional ``url``.</doc>
<status status="PASS" start="2025-11-17T21:35:25.668858" elapsed="1.739805"/>
</kw>
<kw name="Maximize Browser Window" owner="SeleniumLibrary">
<doc>Maximizes current browser window.</doc>
<status status="PASS" start="2025-11-17T21:35:27.409577" elapsed="0.044482"/>
</kw>
<status status="PASS" start="2025-11-17T21:35:25.667991" elapsed="1.786447"/>
</kw>
<test id="s1-s1-t1" name="At Start The Counter Is Zero" line="16">
<kw name="Reset Counter">
<kw name="Click Button" owner="SeleniumLibrary">
<msg time="2025-11-17T21:35:27.458352" level="INFO">Clicking button 'reset'.</msg>
<arg>reset</arg>
<doc>Clicks the button identified by ``locator``.</doc>
<status status="PASS" start="2025-11-17T21:35:27.457107" elapsed="0.485551"/>
</kw>
<kw name="Page Should Contain" owner="SeleniumLibrary">
<msg time="2025-11-17T21:35:27.999362" level="INFO">Current page contains text 'nappia painettu 0 kertaa'.</msg>
<arg>nappia painettu 0 kertaa</arg>
<doc>Verifies that current page contains ``text``.</doc>
<status status="PASS" start="2025-11-17T21:35:27.943153" elapsed="0.056428"/>
</kw>
<status status="PASS" start="2025-11-17T21:35:27.456141" elapsed="0.543661"/>
</kw>
<kw name="Page Should Contain" owner="SeleniumLibrary">
<msg time="2025-11-17T21:35:28.020408" level="INFO">Current page contains text 'nappia painettu 0 kertaa'.</msg>
<arg>nappia painettu 0 kertaa</arg>
<doc>Verifies that current page contains ``text``.</doc>
<status status="PASS" start="2025-11-17T21:35:28.000647" elapsed="0.020029"/>
</kw>
<status status="PASS" start="2025-11-17T21:35:27.454674" elapsed="0.566850"/>
</test>
<test id="s1-s1-t2" name="When Button Pressed Twice The Counter Is Two" line="20">
<kw name="Reset Counter">
<kw name="Click Button" owner="SeleniumLibrary">
<msg time="2025-11-17T21:35:28.024287" level="INFO">Clicking button 'reset'.</msg>
<arg>reset</arg>
<doc>Clicks the button identified by ``locator``.</doc>
<status status="PASS" start="2025-11-17T21:35:28.023980" elapsed="0.477190"/>
</kw>
<kw name="Page Should Contain" owner="SeleniumLibrary">
<msg time="2025-11-17T21:35:28.543198" level="INFO">Current page contains text 'nappia painettu 0 kertaa'.</msg>
<arg>nappia painettu 0 kertaa</arg>
<doc>Verifies that current page contains ``text``.</doc>
<status status="PASS" start="2025-11-17T21:35:28.502128" elapsed="0.041269"/>
</kw>
<status status="PASS" start="2025-11-17T21:35:28.023592" elapsed="0.519980"/>
</kw>
<kw name="Click Button" owner="SeleniumLibrary">
<msg time="2025-11-17T21:35:28.544833" level="INFO">Clicking button 'increment'.</msg>
<arg>increment</arg>
<doc>Clicks the button identified by ``locator``.</doc>
<status status="PASS" start="2025-11-17T21:35:28.544302" elapsed="0.502971"/>
</kw>
<kw name="Click Button" owner="SeleniumLibrary">
<msg time="2025-11-17T21:35:29.051138" level="INFO">Clicking button 'increment'.</msg>
<arg>increment</arg>
<doc>Clicks the button identified by ``locator``.</doc>
<status status="PASS" start="2025-11-17T21:35:29.048642" elapsed="0.175020"/>
</kw>
<kw name="Page Should Contain" owner="SeleniumLibrary">
<msg time="2025-11-17T21:35:29.847582" level="INFO" html="true">&lt;/td&gt;&lt;/tr&gt;&lt;tr&gt;&lt;td colspan="3"&gt;&lt;a href="selenium-screenshot-5.png"&gt;&lt;img src="selenium-screenshot-5.png" width="800px"&gt;&lt;/a&gt;</msg>
<msg time="2025-11-17T21:35:29.848081" level="FAIL">Page should have contained text 'nappia painettu 2 kertaa' but did not.</msg>
<arg>nappia painettu 2 kertaa</arg>
<doc>Verifies that current page contains ``text``.</doc>
<status status="FAIL" start="2025-11-17T21:35:29.225005" elapsed="0.627788">Page should have contained text 'nappia painettu 2 kertaa' but did not.</status>
</kw>
<status status="FAIL" start="2025-11-17T21:35:28.022859" elapsed="1.830791">Page should have contained text 'nappia painettu 2 kertaa' but did not.</status>
</test>
<kw name="Close Browser" owner="SeleniumLibrary" type="TEARDOWN">
<doc>Closes the current browser.</doc>
<status status="PASS" start="2025-11-17T21:35:29.855446" elapsed="2.170672"/>
</kw>
<status status="FAIL" start="2025-11-17T21:35:25.356062" elapsed="6.670364"/>
</suite>
<suite id="s1-s2" name="Reset" source="C:\Users\bjorn\webcounter\src\tests\reset.robot">
<kw name="Open Browser To App" type="SETUP">
<kw name="Open Browser" owner="SeleniumLibrary">
<msg time="2025-11-17T21:35:32.033438" level="INFO">Opening browser 'Chrome' to base url 'http://localhost:5001'.</msg>
<arg>http://localhost:5001</arg>
<arg>Chrome</arg>
<doc>Opens a new browser instance to the optional ``url``.</doc>
<status status="PASS" start="2025-11-17T21:35:32.033101" elapsed="1.631313"/>
</kw>
<kw name="Maximize Browser Window" owner="SeleniumLibrary">
<doc>Maximizes current browser window.</doc>
<status status="PASS" start="2025-11-17T21:35:33.664897" elapsed="0.056048"/>
</kw>
<status status="PASS" start="2025-11-17T21:35:32.032657" elapsed="1.688618"/>
</kw>
<test id="s1-s2-t1" name="When Counter Has A Value And Is Reset It Becomes Zero" line="16">
<kw name="Reset Counter">
<kw name="Click Button" owner="SeleniumLibrary">
<msg time="2025-11-17T21:35:33.724274" level="INFO">Clicking button 'reset'.</msg>
<arg>reset</arg>
<doc>Clicks the button identified by ``locator``.</doc>
<status status="PASS" start="2025-11-17T21:35:33.723810" elapsed="0.513608"/>
</kw>
<kw name="Page Should Contain" owner="SeleniumLibrary">
<msg time="2025-11-17T21:35:34.285001" level="INFO">Current page contains text 'nappia painettu 0 kertaa'.</msg>
<arg>nappia painettu 0 kertaa</arg>
<doc>Verifies that current page contains ``text``.</doc>
<status status="PASS" start="2025-11-17T21:35:34.238455" elapsed="0.046827"/>
</kw>
<status status="PASS" start="2025-11-17T21:35:33.723134" elapsed="0.562444"/>
</kw>
<kw name="Click Button" owner="SeleniumLibrary">
<msg time="2025-11-17T21:35:34.286902" level="INFO">Clicking button 'increment'.</msg>
<arg>increment</arg>
<doc>Clicks the button identified by ``locator``.</doc>
<status status="PASS" start="2025-11-17T21:35:34.286346" elapsed="0.142721"/>
</kw>
<kw name="Click Button" owner="SeleniumLibrary">
<msg time="2025-11-17T21:35:34.430598" level="INFO">Clicking button 'increment'.</msg>
<arg>increment</arg>
<doc>Clicks the button identified by ``locator``.</doc>
<status status="PASS" start="2025-11-17T21:35:34.429961" elapsed="0.855832"/>
</kw>
<kw name="Click Button" owner="SeleniumLibrary">
<msg time="2025-11-17T21:35:35.287663" level="INFO">Clicking button 'reset'.</msg>
<arg>reset</arg>
<doc>Clicks the button identified by ``locator``.</doc>
<status status="PASS" start="2025-11-17T21:35:35.286936" elapsed="0.166437"/>
</kw>
<kw name="Page Should Contain" owner="SeleniumLibrary">
<msg time="2025-11-17T21:35:35.837035" level="INFO">Current page contains text 'nappia painettu 0 kertaa'.</msg>
<arg>nappia painettu 0 kertaa</arg>
<doc>Verifies that current page contains ``text``.</doc>
<status status="PASS" start="2025-11-17T21:35:35.454250" elapsed="0.383064"/>
</kw>
<status status="PASS" start="2025-11-17T21:35:33.721475" elapsed="2.118003"/>
</test>
<kw name="Close Browser" owner="SeleniumLibrary" type="TEARDOWN">
<doc>Closes the current browser.</doc>
<status status="PASS" start="2025-11-17T21:35:35.841991" elapsed="2.161545"/>
</kw>
<status status="PASS" start="2025-11-17T21:35:32.028311" elapsed="5.975434"/>
</suite>
<suite id="s1-s3" name="Set Counter" source="C:\Users\bjorn\webcounter\src\tests\set_counter.robot">
<kw name="Open Browser To App" type="SETUP">
<kw name="Open Browser" owner="SeleniumLibrary">
<msg time="2025-11-17T21:35:38.013012" level="INFO">Opening browser 'Chrome' to base url 'http://localhost:5001'.</msg>
<arg>http://localhost:5001</arg>
<arg>Chrome</arg>
<doc>Opens a new browser instance to the optional ``url``.</doc>
<status status="PASS" start="2025-11-17T21:35:38.012706" elapsed="1.612703"/>
</kw>
<kw name="Maximize Browser Window" owner="SeleniumLibrary">
<doc>Maximizes current browser window.</doc>
<status status="PASS" start="2025-11-17T21:35:39.625789" elapsed="0.042859"/>
</kw>
<status status="PASS" start="2025-11-17T21:35:38.012268" elapsed="1.656715"/>
</kw>
<test id="s1-s3-t1" name="Setting Counter To Ten Works" line="16">
<kw name="Reset Counter">
<kw name="Click Button" owner="SeleniumLibrary">
<msg time="2025-11-17T21:35:39.671741" level="INFO">Clicking button 'reset'.</msg>
<arg>reset</arg>
<doc>Clicks the button identified by ``locator``.</doc>
<status status="PASS" start="2025-11-17T21:35:39.671222" elapsed="0.509294"/>
</kw>
<kw name="Page Should Contain" owner="SeleniumLibrary">
<msg time="2025-11-17T21:35:40.232216" level="INFO">Current page contains text 'nappia painettu 0 kertaa'.</msg>
<arg>nappia painettu 0 kertaa</arg>
<doc>Verifies that current page contains ``text``.</doc>
<status status="PASS" start="2025-11-17T21:35:40.181148" elapsed="0.051282"/>
</kw>
<status status="PASS" start="2025-11-17T21:35:39.670532" elapsed="0.562100"/>
</kw>
<kw name="Input Text" owner="SeleniumLibrary">
<msg time="2025-11-17T21:35:40.233898" level="INFO">Typing text '10' into text field 'value'.</msg>
<arg>value</arg>
<arg>10</arg>
<doc>Types the given ``text`` into the text field identified by ``locator``.</doc>
<status status="PASS" start="2025-11-17T21:35:40.233333" elapsed="0.206000"/>
</kw>
<kw name="Click Button" owner="SeleniumLibrary">
<msg time="2025-11-17T21:35:40.440838" level="INFO">Clicking button 'set-button'.</msg>
<arg>set-button</arg>
<doc>Clicks the button identified by ``locator``.</doc>
<status status="PASS" start="2025-11-17T21:35:40.440260" elapsed="0.530962"/>
</kw>
<kw name="Page Should Contain" owner="SeleniumLibrary">
<msg time="2025-11-17T21:35:40.995375" level="INFO">Current page contains text 'nappia painettu 10 kertaa'.</msg>
<arg>nappia painettu 10 kertaa</arg>
<doc>Verifies that current page contains ``text``.</doc>
<status status="PASS" start="2025-11-17T21:35:40.972172" elapsed="0.023470"/>
</kw>
<status status="PASS" start="2025-11-17T21:35:39.669177" elapsed="1.327260"/>
</test>
<test id="s1-s3-t2" name="Setting Counter To Zero Works" line="22">
<kw name="Reset Counter">
<kw name="Click Button" owner="SeleniumLibrary">
<msg time="2025-11-17T21:35:41.000026" level="INFO">Clicking button 'reset'.</msg>
<arg>reset</arg>
<doc>Clicks the button identified by ``locator``.</doc>
<status status="PASS" start="2025-11-17T21:35:40.999586" elapsed="0.523154"/>
</kw>
<kw name="Page Should Contain" owner="SeleniumLibrary">
<msg time="2025-11-17T21:35:41.577941" level="INFO">Current page contains text 'nappia painettu 0 kertaa'.</msg>
<arg>nappia painettu 0 kertaa</arg>
<doc>Verifies that current page contains ``text``.</doc>
<status status="PASS" start="2025-11-17T21:35:41.523215" elapsed="0.054998"/>
</kw>
<status status="PASS" start="2025-11-17T21:35:40.998831" elapsed="0.579637"/>
</kw>
<kw name="Input Text" owner="SeleniumLibrary">
<msg time="2025-11-17T21:35:41.579859" level="INFO">Typing text '0' into text field 'value'.</msg>
<arg>value</arg>
<arg>0</arg>
<doc>Types the given ``text`` into the text field identified by ``locator``.</doc>
<status status="PASS" start="2025-11-17T21:35:41.579164" elapsed="0.131368"/>
</kw>
<kw name="Click Button" owner="SeleniumLibrary">
<msg time="2025-11-17T21:35:41.711684" level="INFO">Clicking button 'set-button'.</msg>
<arg>set-button</arg>
<doc>Clicks the button identified by ``locator``.</doc>
<status status="PASS" start="2025-11-17T21:35:41.711298" elapsed="0.545609"/>
</kw>
<kw name="Page Should Contain" owner="SeleniumLibrary">
<msg time="2025-11-17T21:35:42.315711" level="INFO">Current page contains text 'nappia painettu 0 kertaa'.</msg>
<arg>nappia painettu 0 kertaa</arg>
<doc>Verifies that current page contains ``text``.</doc>
<status status="PASS" start="2025-11-17T21:35:42.257952" elapsed="0.057953"/>
</kw>
<status status="PASS" start="2025-11-17T21:35:40.997959" elapsed="1.318622"/>
</test>
<kw name="Close Browser" owner="SeleniumLibrary" type="TEARDOWN">
<doc>Closes the current browser.</doc>
<status status="PASS" start="2025-11-17T21:35:42.318144" elapsed="2.159900"/>
</kw>
<status status="PASS" start="2025-11-17T21:35:38.007774" elapsed="6.470513"/>
</suite>
<status status="FAIL" start="2025-11-17T21:35:25.321018" elapsed="19.160073"/>
</suite>
<statistics>
<total>
<stat pass="4" fail="1" skip="0">All Tests</stat>
</total>
<tag>
</tag>
<suite>
<stat name="Tests" id="s1" pass="4" fail="1" skip="0">Tests</stat>
<stat name="Increment" id="s1-s1" pass="1" fail="1" skip="0">Tests.Increment</stat>
<stat name="Reset" id="s1-s2" pass="1" fail="0" skip="0">Tests.Reset</stat>
<stat name="Set Counter" id="s1-s3" pass="2" fail="0" skip="0">Tests.Set Counter</stat>
</suite>
</statistics>
<errors>
</errors>
</robot>
